02-37-31 | ERROR
hallsso

02-37-46 | Exception
uncaughtException: dvdsvds is not defined
ReferenceError: dvdsvds is not defined
    at Object.<anonymous> (/root/bot-wa/Bahan Percobaan/router.js:3:1)
    at Module._compile (node:internal/modules/cjs/loader:1159:14)
    at Module._extensions..js (node:internal/modules/cjs/loader:1213:10)
    at Module.load (node:internal/modules/cjs/loader:1037:32)
    at Module._load (node:internal/modules/cjs/loader:878:12)
    at Module.require (node:internal/modules/cjs/loader:1061:19)
    at require (node:internal/modules/cjs/helpers:103:18)
    at Object.<anonymous> (/root/bot-wa/Bahan Percobaan/server.js:6:14)
    at Module._compile (node:internal/modules/cjs/loader:1159:14)
    at Module._extensions..js (node:internal/modules/cjs/loader:1213:10)

02-38-00 | Exception
uncaughtException: dvdsvds is not defined
ReferenceError: dvdsvds is not defined
    at Object.<anonymous> (/root/bot-wa/Bahan Percobaan/router.js:3:1)
    at Module._compile (node:internal/modules/cjs/loader:1159:14)
    at Module._extensions..js (node:internal/modules/cjs/loader:1213:10)
    at Module.load (node:internal/modules/cjs/loader:1037:32)
    at Module._load (node:internal/modules/cjs/loader:878:12)
    at Module.require (node:internal/modules/cjs/loader:1061:19)
    at require (node:internal/modules/cjs/helpers:103:18)
    at Object.<anonymous> (/root/bot-wa/Bahan Percobaan/server.js:6:14)
    at Module._compile (node:internal/modules/cjs/loader:1159:14)
    at Module._extensions..js (node:internal/modules/cjs/loader:1213:10)

